<?xml version="1.0" encoding="UTF-8"?>
<testsuite name="io.sealights.codegen.AppTestGenerateTest" tests="1" skipped="0" failures="0" errors="0" timestamp="2023-10-10T08:05:48" hostname="pop-os" time="0.003">
  <properties/>
  <testcase name="generateApplicationTestTask()" classname="io.sealights.codegen.AppTestGenerateTest" time="0.003"/>
  <system-out><![CDATA[]]></system-out>
  <system-err><![CDATA[]]></system-err>
</testsuite>
