<?xml version="1.0" encoding="UTF-8"?>
<testsuite name="io.sealights.codegen.AppSourcesGenerateTest" tests="1" skipped="0" failures="0" errors="0" timestamp="2023-10-10T08:05:48" hostname="pop-os" time="0.135">
  <properties/>
  <testcase name="generateApplicationSourcesTask()" classname="io.sealights.codegen.AppSourcesGenerateTest" time="0.135"/>
  <system-out><![CDATA[]]></system-out>
  <system-err><![CDATA[SLF4J: No SLF4J providers were found.
SLF4J: Defaulting to no-operation (NOP) logger implementation
SLF4J: See https://www.slf4j.org/codes.html#noProviders for further details.
]]></system-err>
</testsuite>
