<?xml version="1.0" encoding="UTF-8"?>
<testsuite name="io.sealights.codegen.AppTestGenerateTest" tests="1" skipped="0" failures="0" errors="0" timestamp="2023-10-12T09:55:51" hostname="Ahmads-MacBook-Pro.local" time="0.009">
  <properties/>
  <testcase name="generateApplicationTestTask()" classname="io.sealights.codegen.AppTestGenerateTest" time="0.009"/>
  <system-out><![CDATA[]]></system-out>
  <system-err><![CDATA[]]></system-err>
</testsuite>
